<?xml version="1.0" encoding="UTF-8"?>
<!-- Generated by org.testng.reporters.JUnitReportReporter -->
<testsuite skipped="0" hostname="aditya-Inspiron-5558" name="TestCase01" tests="2" failures="0" timestamp="24 Jul 2018 10:15:09 GMT" time="0.028" errors="0">
  <testcase name="method02" time="0.001" classname="TestCase01"/>
  <testcase name="method01" time="0.027" classname="TestCase01"/>
</testsuite> <!-- TestCase01 -->
