<?xml version="1.0" encoding="UTF-8"?>
<!-- Generated by org.testng.reporters.JUnitReportReporter -->
<testsuite skipped="0" hostname="aditya-Inspiron-5558" name="TestCase02" tests="2" failures="0" timestamp="24 Jul 2018 10:15:09 GMT" time="0.027" errors="0">
  <testcase name="method04" time="0.000" classname="TestCase02"/>
  <testcase name="method03" time="0.027" classname="TestCase02"/>
</testsuite> <!-- TestCase02 -->
